

***********************************************************************
Fatal NI connect error 12541, connecting to:
 (DESCRIPTION=(ADDRESS=(PROTOCOL=TCP)(HOST=192.168.10.42)(PORT=1521))(CONNECT_DATA=(SERVICE_NAME=teste_ac)(CID=(PROGRAM=httpd)(HOST=srv-web.austa.local)(USER=apache))))

  VERSION INFORMATION:
	TNS for Linux: Version 10.2.0.4.0 - Production
	TCP/IP NT Protocol Adapter for Linux: Version 10.2.0.4.0 - Production
  Time: 29-JAN-2020 08:33:31
  Tracing not turned on.
  Tns error struct:
    ns main err code: 12541
    TNS-12541: Message 12541 not found; No message file for product=network, facility=TNS
    ns secondary err code: 12560
    nt main err code: 511
    TNS-00511: Message 511 not found; No message file for product=network, facility=TNS
    nt secondary err code: 111
    nt OS err code: 0


***********************************************************************
Fatal NI connect error 12545, connecting to:
 (DESCRIPTION=(ADDRESS=(PROTOCOL=TCP)(HOST=austa-scan.austa.local)(PORT=1521))(LOAD_BALANCE=yes)(CONNECT_DATA=(SERVER=DEDICATED)(SERVICE_NAME=ac)(FAILOVER_MODE=(TYPE=SELECT)(METHOD=BASIC)(RETRIES=180)(DELAY=5))(CID=(PROGRAM=httpd)(HOST=srv-web.austa.local)(USER=apache))))

  VERSION INFORMATION:
	TNS for Linux: Version 10.2.0.4.0 - Production
	TCP/IP NT Protocol Adapter for Linux: Version 10.2.0.4.0 - Production
  Time: 30-AUG-2021 13:40:53
  Tracing not turned on.
  Tns error struct:
    ns main err code: 12545
    TNS-12545: Message 12545 not found; No message file for product=network, facility=TNS
    ns secondary err code: 12560
    nt main err code: 515
    TNS-00515: Message 515 not found; No message file for product=network, facility=TNS
    nt secondary err code: 0
    nt OS err code: 0
